#
# A fatal error has been detected by the Java Runtime Environment:
#
#  EXCEPTION_ACCESS_VIOLATION (0xc0000005) at pc=0x000000006ec44b9b, pid=21432, tid=13352
#
# JRE version: Java(TM) SE Runtime Environment (7.0_80-b15) (build 1.7.0_80-b15)
# Java VM: Java HotSpot(TM) 64-Bit Server VM (24.80-b11 mixed mode windows-amd64 compressed oops)
# Problematic frame:
# V  [jvm.dll+0x144b9b]
#
# Failed to write core dump. Minidumps are not enabled by default on client versions of Windows
#
# If you would like to submit a bug report, please visit:
#   http://bugreport.java.com/bugreport/crash.jsp
#

---------------  T H R E A D  ---------------

Current thread (0x0000000010ef6800):  JavaThread "JDWP Transport Listener: dt_socket" daemon [_thread_in_vm, id=13352, stack(0x0000000011be0000,0x0000000011ce0000)]

siginfo: ExceptionCode=0xc0000005, reading address 0xffffffffffffffff

Registers:
RAX=0x0000000011cdf701, RBX=0x0000000010ef6800, RCX=0x6e72657474615024, RDX=0x0000000000000000
RSP=0x0000000011cdf6f0, RBP=0x6e72657474615024, RSI=0x0000000011cdf808, RDI=0x0000000002558db0
R8 =0x0000000010ef6800, R9 =0x0000000000000700, R10=0x0000000000000000, R11=0x000000ddffff0000
R12=0x0000000000000000, R13=0x000000000f97bbf8, R14=0x0000000000000000, R15=0x0000000000000000
RIP=0x000000006ec44b9b, EFLAGS=0x0000000000010206

Top of Stack: (sp=0x0000000011cdf6f0)
0x0000000011cdf6f0:   0000000010ef6800 0000000000000006
0x0000000011cdf700:   0000000011cdf7b8 000000006ede77d9
0x0000000011cdf710:   0000000010ef6800 000000006ee05382
0x0000000011cdf720:   0000000000000000 0000000054118e8d
0x0000000011cdf730:   000000000f95a1f0 0000000054122666
0x0000000011cdf740:   0000000010ef6800 0000000000000000
0x0000000011cdf750:   0000000000000000 0000000000000000
0x0000000011cdf760:   6e72657474615024 000000005412175d
0x0000000011cdf770:   0000000011cdf808 0000000011cdf7e0
0x0000000011cdf780:   0000000000000001 000000000f95a1f0
0x0000000011cdf790:   6e72657474615024 00000000541053b3
0x0000000011cdf7a0:   0000000011cdf8d0 0000000000000001
0x0000000011cdf7b0:   0000000000000001 000000000f95a1f0
0x0000000011cdf7c0:   0000000000000009 0000000000000000
0x0000000011cdf7d0:   0000000000000000 0000000000000000
0x0000000011cdf7e0:   0000000000000001 0000000054105571 

Instructions: (pc=0x000000006ec44b9b)
0x000000006ec44b7b:   48 8b 5c 24 30 48 89 47 18 48 83 c4 20 5f c3 cc
0x000000006ec44b8b:   cc cc cc cc cc 40 53 48 83 ec 20 48 85 c9 74 54
0x000000006ec44b9b:   48 8b 19 48 85 db 74 4c 48 b8 fe fe fe fe fe fe
0x000000006ec44bab:   fe fe 48 3b d8 74 3d 80 3d 57 56 61 00 00 74 15 


Register to memory mapping:

RAX=0x0000000011cdf701 is pointing into the stack for thread: 0x0000000010ef6800
RBX=0x0000000010ef6800 is a thread
RCX=0x6e72657474615024 is an unknown value
RDX=0x0000000000000000 is an unknown value
RSP=0x0000000011cdf6f0 is pointing into the stack for thread: 0x0000000010ef6800
RBP=0x6e72657474615024 is an unknown value
RSI=0x0000000011cdf808 is pointing into the stack for thread: 0x0000000010ef6800
RDI=0x0000000002558db0 is an unknown value
R8 =0x0000000010ef6800 is a thread
R9 =0x0000000000000700 is an unknown value
R10=0x0000000000000000 is an unknown value
R11=0x000000ddffff0000 is an unknown value
R12=0x0000000000000000 is an unknown value
R13=0x000000000f97bbf8 is an unknown value
R14=0x0000000000000000 is an unknown value
R15=0x0000000000000000 is an unknown value


Stack: [0x0000000011be0000,0x0000000011ce0000],  sp=0x0000000011cdf6f0,  free space=1021k
Native frames: (J=compiled Java code, j=interpreted, Vv=VM code, C=native code)
V  [jvm.dll+0x144b9b]


---------------  P R O C E S S  ---------------

Java Threads: ( => current thread )
  0x0000000012532800 JavaThread "NanoOffset" daemon [_thread_blocked, id=22288, stack(0x0000000012d90000,0x0000000012e90000)]
  0x0000000010f1e000 JavaThread "Service Thread" daemon [_thread_blocked, id=20800, stack(0x00000000122b0000,0x00000000123b0000)]
  0x0000000010f1a800 JavaThread "C2 CompilerThread1" daemon [_thread_blocked, id=19472, stack(0x0000000012170000,0x0000000012270000)]
  0x0000000010f19000 JavaThread "C2 CompilerThread0" daemon [_thread_blocked, id=20112, stack(0x0000000011e60000,0x0000000011f60000)]
  0x0000000010f08800 JavaThread "JDWP Command Reader" daemon [_thread_in_native, id=21232, stack(0x0000000011f90000,0x0000000012090000)]
  0x0000000010f07800 JavaThread "JDWP Event Helper Thread" daemon [_thread_blocked, id=22364, stack(0x0000000011d40000,0x0000000011e40000)]
=>0x0000000010ef6800 JavaThread "JDWP Transport Listener: dt_socket" daemon [_thread_in_vm, id=13352, stack(0x0000000011be0000,0x0000000011ce0000)]
  0x000000000f97f000 JavaThread "Attach Listener" daemon [_thread_blocked, id=21256, stack(0x0000000010df0000,0x0000000010ef0000)]
  0x000000000f95d000 JavaThread "Signal Dispatcher" daemon [_thread_blocked, id=20336, stack(0x0000000010c20000,0x0000000010d20000)]
  0x000000000f907800 JavaThread "Finalizer" daemon [_thread_blocked, id=21324, stack(0x00000000107b0000,0x00000000108b0000)]
  0x000000000f900000 JavaThread "Reference Handler" daemon [_thread_blocked, id=3060, stack(0x0000000010af0000,0x0000000010bf0000)]
  0x00000000023ea000 JavaThread "main" [_thread_blocked, id=15748, stack(0x0000000002790000,0x0000000002890000)]

Other Threads:
  0x000000000f8fc800 VMThread [stack: 0x0000000010900000,0x0000000010a00000] [id=20528]
  0x0000000010f66000 WatcherThread [stack: 0x00000000123e0000,0x00000000124e0000] [id=18964]

VM state:not at safepoint (normal execution)

VM Mutex/Monitor currently owned by a thread: None

Heap
 PSYoungGen      total 76288K, used 11842K [0x00000007ab500000, 0x00000007b0a00000, 0x0000000800000000)
  eden space 65536K, 18% used [0x00000007ab500000,0x00000007ac090ab0,0x00000007af500000)
  from space 10752K, 0% used [0x00000007aff80000,0x00000007aff80000,0x00000007b0a00000)
  to   space 10752K, 0% used [0x00000007af500000,0x00000007af500000,0x00000007aff80000)
 ParOldGen       total 173056K, used 0K [0x0000000702000000, 0x000000070c900000, 0x00000007ab500000)
  object space 173056K, 0% used [0x0000000702000000,0x0000000702000000,0x000000070c900000)
 PSPermGen       total 21504K, used 5301K [0x00000006fce00000, 0x00000006fe300000, 0x0000000702000000)
  object space 21504K, 24% used [0x00000006fce00000,0x00000006fd32d550,0x00000006fe300000)

Card table byte_map: [0x0000000005890000,0x00000000060b0000] byte_map_base: 0x00000000020a9000

Polling page: 0x0000000000330000

Code Cache  [0x0000000002890000, 0x0000000002b00000, 0x0000000005890000)
 total_blobs=274 nmethods=35 adapters=200 free_code_cache=48660Kb largest_free_block=49794816

Compilation events (10 events):
Event: 0.388 Thread 0x0000000010f1a800 nmethod 31 0x0000000002901d50 code [0x0000000002901e80, 0x0000000002901ef8]
Event: 0.388 Thread 0x0000000010f1a800   32             java.lang.CharacterDataLatin1::getProperties (11 bytes)
Event: 0.388 Thread 0x0000000010f1a800 nmethod 32 0x0000000002901a90 code [0x0000000002901bc0, 0x0000000002901c58]
Event: 0.388 Thread 0x0000000010f1a800   33             java.lang.Character::toLowerCase (9 bytes)
Event: 0.389 Thread 0x0000000010f1a800 nmethod 33 0x0000000002908a50 code [0x0000000002908b80, 0x0000000002908c58]
Event: 0.389 Thread 0x0000000010f1a800   34             java.lang.CharacterDataLatin1::toLowerCase (39 bytes)
Event: 0.389 Thread 0x0000000010f1a800 nmethod 34 0x0000000002908750 code [0x0000000002908880, 0x0000000002908958]
Event: 0.389 Thread 0x0000000010f1a800   35             java.lang.String::toLowerCase (439 bytes)
Event: 0.397 Thread 0x0000000010f1a800 nmethod 35 0x0000000002908ed0 code [0x0000000002909080, 0x0000000002909b08]
Event: 0.399 Thread 0x0000000010f19000 nmethod 29% 0x000000000290f5d0 code [0x000000000290f900, 0x0000000002910ff0]

GC Heap History (0 events):
No events

Deoptimization events (3 events):
Event: 0.253 Thread 0x00000000023ea000 Uncommon trap: reason=unstable_if action=reinterpret pc=0x00000000028eeb60 method=java.lang.String.indexOf(II)I @ 49
Event: 0.258 Thread 0x00000000023ea000 Uncommon trap: reason=unstable_if action=reinterpret pc=0x00000000028ef004 method=java.lang.String.hashCode()I @ 14
Event: 0.332 Thread 0x00000000023ea000 Uncommon trap: reason=unstable_if action=reinterpret pc=0x00000000028f888c method=java.lang.String.indexOf([CII[CIII)I @ 134

Internal exceptions (10 events):
Event: 0.389 Thread 0x00000000023ea000 Threw 0x00000007abfc3800 at C:\re\jdk7u80\2329\hotspot\src\share\vm\prims\jvm.cpp:1319
Event: 0.389 Thread 0x00000000023ea000 Threw 0x00000007abfca468 at C:\re\jdk7u80\2329\hotspot\src\share\vm\prims\jvm.cpp:1319
Event: 0.390 Thread 0x00000000023ea000 Threw 0x00000007abfce228 at C:\re\jdk7u80\2329\hotspot\src\share\vm\prims\jvm.cpp:1319
Event: 0.390 Thread 0x00000000023ea000 Threw 0x00000007abfd1d28 at C:\re\jdk7u80\2329\hotspot\src\share\vm\prims\jvm.cpp:1319
Event: 0.390 Thread 0x00000000023ea000 Threw 0x00000007abfd5ae8 at C:\re\jdk7u80\2329\hotspot\src\share\vm\prims\jvm.cpp:1319
Event: 0.390 Thread 0x00000000023ea000 Threw 0x00000007abfd9af0 at C:\re\jdk7u80\2329\hotspot\src\share\vm\prims\jvm.cpp:1319
Event: 0.391 Thread 0x00000000023ea000 Threw 0x00000007abfddee0 at C:\re\jdk7u80\2329\hotspot\src\share\vm\prims\jvm.cpp:1319
Event: 0.391 Thread 0x00000000023ea000 Threw 0x00000007abfe25e8 at C:\re\jdk7u80\2329\hotspot\src\share\vm\prims\jvm.cpp:1319
Event: 0.392 Thread 0x00000000023ea000 Threw 0x00000007abfeb0c8 at C:\re\jdk7u80\2329\hotspot\src\share\vm\prims\jvm.cpp:1319
Event: 0.392 Thread 0x00000000023ea000 Threw 0x00000007abff36f8 at C:\re\jdk7u80\2329\hotspot\src\share\vm\prims\jvm.cpp:1319

Events (10 events):
Event: 451.539 Executing VM operation: EnterInterpOnlyMode
Event: 451.539 Executing VM operation: EnterInterpOnlyMode done
Event: 451.539 Executing VM operation: GetCurrentLocation
Event: 451.539 Executing VM operation: GetCurrentLocation done
Event: 451.539 Executing VM operation: ChangeSingleStep
Event: 451.539 Executing VM operation: ChangeSingleStep done
Event: 451.541 Executing VM operation: ChangeSingleStep
Event: 451.541 Executing VM operation: ChangeSingleStep done
Event: 507.558 Executing VM operation: RedefineClasses
Event: 507.558 Executing VM operation: RedefineClasses done


Dynamic libraries:
0x000000013f450000 - 0x000000013f483000 	D:\Program Files\Java\jdk1.7.0_80\bin\javaw.exe
0x0000000077640000 - 0x00000000777df000 	C:\Windows\SYSTEM32\ntdll.dll
0x0000000077520000 - 0x000000007763f000 	C:\Windows\system32\kernel32.dll
0x000007fefdb80000 - 0x000007fefdbea000 	C:\Windows\system32\KERNELBASE.dll
0x000007feff290000 - 0x000007feff36b000 	C:\Windows\system32\ADVAPI32.dll
0x000007feff370000 - 0x000007feff40f000 	C:\Windows\system32\msvcrt.dll
0x000007feff6c0000 - 0x000007feff6df000 	C:\Windows\SYSTEM32\sechost.dll
0x000007feff720000 - 0x000007feff84d000 	C:\Windows\system32\RPCRT4.dll
0x0000000076f70000 - 0x000000007706a000 	C:\Windows\system32\USER32.dll
0x000007feff8a0000 - 0x000007feff907000 	C:\Windows\system32\GDI32.dll
0x000007feff710000 - 0x000007feff71e000 	C:\Windows\system32\LPK.dll
0x000007fefe320000 - 0x000007fefe3eb000 	C:\Windows\system32\USP10.dll
0x000007fefc3d0000 - 0x000007fefc5c4000 	C:\Windows\WinSxS\amd64_microsoft.windows.common-controls_6595b64144ccf1df_6.0.7601.17514_none_fa396087175ac9ac\COMCTL32.dll
0x000007feff640000 - 0x000007feff6b1000 	C:\Windows\system32\SHLWAPI.dll
0x000007feff6e0000 - 0x000007feff70e000 	C:\Windows\system32\IMM32.DLL
0x000007feff180000 - 0x000007feff289000 	C:\Windows\system32\MSCTF.dll
0x0000000054320000 - 0x00000000543f2000 	D:\Program Files\Java\jdk1.7.0_80\jre\bin\msvcr100.dll
0x000000006eb00000 - 0x000000006f2d9000 	D:\Program Files\Java\jdk1.7.0_80\jre\bin\server\jvm.dll
0x000007fef47d0000 - 0x000007fef47d9000 	C:\Windows\system32\WSOCK32.dll
0x000007feff850000 - 0x000007feff89d000 	C:\Windows\system32\WS2_32.dll
0x000007feff630000 - 0x000007feff638000 	C:\Windows\system32\NSI.dll
0x000007fefb5c0000 - 0x000007fefb5fb000 	C:\Windows\system32\WINMM.dll
0x00000000777f0000 - 0x00000000777f7000 	C:\Windows\system32\PSAPI.DLL
0x0000000069b00000 - 0x0000000069b0f000 	D:\Program Files\Java\jdk1.7.0_80\jre\bin\verify.dll
0x000000006cde0000 - 0x000000006ce08000 	D:\Program Files\Java\jdk1.7.0_80\jre\bin\java.dll
0x0000000054100000 - 0x0000000054135000 	D:\Program Files\Java\jdk1.7.0_80\jre\bin\jdwp.dll
0x0000000054170000 - 0x0000000054178000 	D:\Program Files\Java\jdk1.7.0_80\jre\bin\npt.dll
0x000000006dc20000 - 0x000000006dc36000 	D:\Program Files\Java\jdk1.7.0_80\jre\bin\zip.dll
0x0000000054160000 - 0x0000000054169000 	D:\Program Files\Java\jdk1.7.0_80\jre\bin\dt_socket.dll
0x000007fef8f60000 - 0x000007fef8f8d000 	C:\Program Files (x86)\Sangfor\SSL\ClientComponent\1_SangforNspX64.dll
0x000007fefe120000 - 0x000007fefe31d000 	C:\Windows\system32\ole32.dll
0x000007fefde60000 - 0x000007fefdf3a000 	C:\Windows\system32\OLEAUT32.dll
0x000007fefb670000 - 0x000007fefb685000 	C:\Windows\system32\NLAapi.dll
0x000007fef66a0000 - 0x000007fef66b5000 	C:\Windows\system32\napinsp.dll
0x000007fef6680000 - 0x000007fef6699000 	C:\Windows\system32\pnrpnsp.dll
0x000007fefd2b0000 - 0x000007fefd305000 	C:\Windows\System32\mswsock.dll
0x000007fefd130000 - 0x000007fefd18b000 	C:\Windows\system32\DNSAPI.dll
0x000007fef6670000 - 0x000007fef667b000 	C:\Windows\System32\winrnr.dll
0x000007fefafa0000 - 0x000007fefafc7000 	C:\Windows\system32\IPHLPAPI.DLL
0x000007fefaf70000 - 0x000007fefaf7b000 	C:\Windows\system32\WINNSI.DLL
0x000007fefad50000 - 0x000007fefada3000 	C:\Windows\System32\fwpuclnt.dll
0x000007fef88e0000 - 0x000007fef88e8000 	C:\Windows\system32\rasadhlp.dll
0x000007fefcb40000 - 0x000007fefccba000 	C:\Program Files (x86)\Sangfor\SSL\ClientComponent\1_SangforTcpX64.dll
0x000007fefcb30000 - 0x000007fefcb3c000 	C:\Windows\system32\VERSION.dll
0x000007fefdb40000 - 0x000007fefdb7b000 	C:\Windows\system32\WINTRUST.dll
0x000007fefdcf0000 - 0x000007fefde5d000 	C:\Windows\system32\CRYPT32.dll
0x000007fefdb30000 - 0x000007fefdb3f000 	C:\Windows\system32\MSASN1.dll
0x000007fefcb20000 - 0x000007fefcb27000 	C:\Windows\System32\wshtcpip.dll
0x000000006da10000 - 0x000000006da2a000 	D:\Program Files\Java\jdk1.7.0_80\jre\bin\net.dll
0x000007fefd2a0000 - 0x000007fefd2a7000 	C:\Windows\System32\wship6.dll
0x000000006e220000 - 0x000000006e231000 	D:\Program Files\Java\jdk1.7.0_80\jre\bin\nio.dll
0x000007fef8210000 - 0x000007fef8335000 	C:\Windows\system32\dbghelp.dll

VM Arguments:
jvm_args: -agentlib:jdwp=transport=dt_socket,suspend=y,address=localhost:18786 -Dfile.encoding=GBK 
java_command: test.Sms_Test
Launcher Type: SUN_STANDARD

Environment Variables:
JAVA_HOME=D:\Program Files\Java\jdk1.7.0_80
CLASSPATH=¡°.;D:\Program Files\Java\jdk1.7.0_80\lib\dt.jar;D:\Program Files\Java\jdk1.7.0_80\lib\tools.jar;
PATH=D:/Program Files/Java/jdk1.7.0_80/bin/../jre/bin/server;D:/Program Files/Java/jdk1.7.0_80/bin/../jre/bin;D:/Program Files/Java/jdk1.7.0_80/bin/../jre/lib/amd64;D:\Python36-32\Scripts\;D:\Python36-32\;D:\Program Files\maven\apache-maven-3.5.0\bin;D:\Program Files\Java\jdk1.7.0_80\bin;D:\Program Files\Java\jdk1.7.0_80\jre\bin;C:\Windows\system32;C:\Windows;C:\Windows\System32\Wbem;C:\Windows\System32\WindowsPowerShell\v1.0\;C:\strawberry\c\bin;C:\strawberry\perl\bin;C:\Program Files\TortoiseSVN\bin;D:\Program Files\Foxmail 7.2;D:\Program Files (x86)\eclipse;
USERNAME=0250
OS=Windows_NT
PROCESSOR_IDENTIFIER=Intel64 Family 6 Model 60 Stepping 3, GenuineIntel



---------------  S Y S T E M  ---------------

OS: Windows 7 , 64 bit Build 7601 Service Pack 1

CPU:total 4 (4 cores per cpu, 1 threads per core) family 6 model 60 stepping 3, cmov, cx8, fxsr, mmx, sse, sse2, sse3, ssse3, sse4.1, sse4.2, popcnt, avx, avx2, aes, erms, tsc, tscinvbit

Memory: 4k page, physical 16643228k(7812672k free), swap 33284580k(21368992k free)

vm_info: Java HotSpot(TM) 64-Bit Server VM (24.80-b11) for windows-amd64 JRE (1.7.0_80-b15), built on Apr 10 2015 11:26:34 by "java_re" with unknown MS VC++:1600

time: Sat Jul 28 19:02:25 2018
elapsed time: 507 seconds

